This file contains any messages produced by compilers while
running configure, to aid debugging if configure makes a mistake.

It was created by configure, which was
generated by GNU Autoconf 2.57.  Invocation command line was

  $ ./configure 

## --------- ##
## Platform. ##
## --------- ##

hostname = glp-ThinkPad-T510
uname -m = i686
uname -r = 3.16.0-29-generic
uname -s = Linux
uname -v = #39-Ubuntu SMP Mon Dec 15 22:28:14 UTC 2014

/usr/bin/uname -p = unknown
/bin/uname -X     = unknown

/bin/arch              = unknown
/usr/bin/arch -k       = unknown
/usr/convex/getsysinfo = unknown
hostinfo               = unknown
/bin/machine           = unknown
/usr/bin/oslevel       = unknown
/bin/universe          = unknown

PATH: /usr/local/sbin
PATH: /usr/local/bin
PATH: /usr/sbin
PATH: /usr/bin
PATH: /sbin
PATH: /bin
PATH: /usr/games
PATH: /usr/local/games


## ----------- ##
## Core tests. ##
## ----------- ##

configure:1305: checking for a BSD-compatible install
configure:1359: result: /usr/bin/install -c
configure:1370: checking whether build environment is sane
configure:1413: result: yes
configure:1446: checking for gawk
configure:1475: result: no
configure:1446: checking for mawk
configure:1462: found /usr/bin/mawk
configure:1472: result: mawk
configure:1482: checking whether make sets $(MAKE)
configure:1502: result: yes
configure:1647: checking whether to enable maintainer-specific portions of Makefiles
configure:1656: result: no
configure:1698: checking for style of include used by make
configure:1726: result: GNU
configure:1797: checking for gcc
configure:1813: found /usr/bin/gcc
configure:1823: result: gcc
configure:2067: checking for C compiler version
configure:2070: gcc --version </dev/null >&5
gcc (Ubuntu 4.9.1-16ubuntu6) 4.9.1
Copyright (C) 2014 Free Software Foundation, Inc.
This is free software; see the source for copying conditions.  There is NO
warranty; not even for MERCHANTABILITY or FITNESS FOR A PARTICULAR PURPOSE.

configure:2073: $? = 0
configure:2075: gcc -v </dev/null >&5
Using built-in specs.
COLLECT_GCC=gcc
COLLECT_LTO_WRAPPER=/usr/lib/gcc/i686-linux-gnu/4.9/lto-wrapper
Target: i686-linux-gnu
Configured with: ../src/configure -v --with-pkgversion='Ubuntu 4.9.1-16ubuntu6' --with-bugurl=file:///usr/share/doc/gcc-4.9/README.Bugs --enable-languages=c,c++,java,go,d,fortran,objc,obj-c++ --prefix=/usr --program-suffix=-4.9 --enable-shared --enable-linker-build-id --libexecdir=/usr/lib --without-included-gettext --enable-threads=posix --with-gxx-include-dir=/usr/include/c++/4.9 --libdir=/usr/lib --enable-nls --with-sysroot=/ --enable-clocale=gnu --enable-libstdcxx-debug --enable-libstdcxx-time=yes --enable-gnu-unique-object --disable-vtable-verify --enable-plugin --with-system-zlib --disable-browser-plugin --enable-java-awt=gtk --enable-gtk-cairo --with-java-home=/usr/lib/jvm/java-1.5.0-gcj-4.9-i386/jre --enable-java-home --with-jvm-root-dir=/usr/lib/jvm/java-1.5.0-gcj-4.9-i386 --with-jvm-jar-dir=/usr/lib/jvm-exports/java-1.5.0-gcj-4.9-i386 --with-arch-directory=i386 --with-ecj-jar=/usr/share/java/eclipse-ecj.jar --enable-objc-gc --enable-targets=all --enable-multiarch --disable-werror --with-arch-32=i686 --with-multilib-list=m32,m64,mx32 --enable-multilib --with-tune=generic --enable-checking=release --build=i686-linux-gnu --host=i686-linux-gnu --target=i686-linux-gnu
Thread model: posix
gcc version 4.9.1 (Ubuntu 4.9.1-16ubuntu6) 
configure:2078: $? = 0
configure:2080: gcc -V </dev/null >&5
gcc: error: unrecognized command line option '-V'
gcc: fatal error: no input files
compilation terminated.
configure:2083: $? = 4
configure:2107: checking for C compiler default output
configure:2110: gcc    conftest.c  >&5
configure:2113: $? = 0
configure:2159: result: a.out
configure:2164: checking whether the C compiler works
configure:2170: ./a.out
configure:2173: $? = 0
configure:2190: result: yes
configure:2197: checking whether we are cross compiling
configure:2199: result: no
configure:2202: checking for suffix of executables
configure:2204: gcc -o conftest    conftest.c  >&5
configure:2207: $? = 0
configure:2232: result: 
configure:2238: checking for suffix of object files
configure:2260: gcc -c   conftest.c >&5
configure:2263: $? = 0
configure:2285: result: o
configure:2289: checking whether we are using the GNU C compiler
configure:2314: gcc -c   conftest.c >&5
configure:2317: $? = 0
configure:2320: test -s conftest.o
configure:2323: $? = 0
configure:2336: result: yes
configure:2342: checking whether gcc accepts -g
configure:2364: gcc -c -g  conftest.c >&5
configure:2367: $? = 0
configure:2370: test -s conftest.o
configure:2373: $? = 0
configure:2384: result: yes
configure:2401: checking for gcc option to accept ANSI C
configure:2462: gcc  -c -g -O2  conftest.c >&5
configure:2465: $? = 0
configure:2468: test -s conftest.o
configure:2471: $? = 0
configure:2489: result: none needed
configure:2507: gcc -c -g -O2  conftest.c >&5
conftest.c:2:3: error: unknown type name 'choke'
   choke me
   ^
conftest.c:2:3: error: expected '=', ',', ';', 'asm' or '__attribute__' at end of input
configure:2510: $? = 1
configure: failed program was:
| #ifndef __cplusplus
|   choke me
| #endif
configure:2621: checking dependency style of gcc
configure:2683: result: gcc3
configure:2690: checking for strerror in -lcposix
configure:2721: gcc -o conftest -g -O2   conftest.c -lcposix   >&5
/usr/bin/ld: cannot find -lcposix
collect2: error: ld returned 1 exit status
configure:2724: $? = 1
configure: failed program was:
| #line 2697 "configure"
| /* confdefs.h.  */
| 
| #define PACKAGE_NAME ""
| #define PACKAGE_TARNAME ""
| #define PACKAGE_VERSION ""
| #define PACKAGE_STRING ""
| #define PACKAGE_BUGREPORT ""
| #define PACKAGE "SeeDNA"
| #define VERSION "1.0"
| /* end confdefs.h.  */
| 
| /* Override any gcc2 internal prototype to avoid an error.  */
| #ifdef __cplusplus
| extern "C"
| #endif
| /* We use char because int might match the return type of a gcc2
|    builtin and then its argument prototype would still apply.  */
| char strerror ();
| int
| main ()
| {
| strerror ();
|   ;
|   return 0;
| }
configure:2742: result: no
configure:2796: checking for gcc
configure:2822: result: gcc
configure:3066: checking for C compiler version
configure:3069: gcc --version </dev/null >&5
gcc (Ubuntu 4.9.1-16ubuntu6) 4.9.1
Copyright (C) 2014 Free Software Foundation, Inc.
This is free software; see the source for copying conditions.  There is NO
warranty; not even for MERCHANTABILITY or FITNESS FOR A PARTICULAR PURPOSE.

configure:3072: $? = 0
configure:3074: gcc -v </dev/null >&5
Using built-in specs.
COLLECT_GCC=gcc
COLLECT_LTO_WRAPPER=/usr/lib/gcc/i686-linux-gnu/4.9/lto-wrapper
Target: i686-linux-gnu
Configured with: ../src/configure -v --with-pkgversion='Ubuntu 4.9.1-16ubuntu6' --with-bugurl=file:///usr/share/doc/gcc-4.9/README.Bugs --enable-languages=c,c++,java,go,d,fortran,objc,obj-c++ --prefix=/usr --program-suffix=-4.9 --enable-shared --enable-linker-build-id --libexecdir=/usr/lib --without-included-gettext --enable-threads=posix --with-gxx-include-dir=/usr/include/c++/4.9 --libdir=/usr/lib --enable-nls --with-sysroot=/ --enable-clocale=gnu --enable-libstdcxx-debug --enable-libstdcxx-time=yes --enable-gnu-unique-object --disable-vtable-verify --enable-plugin --with-system-zlib --disable-browser-plugin --enable-java-awt=gtk --enable-gtk-cairo --with-java-home=/usr/lib/jvm/java-1.5.0-gcj-4.9-i386/jre --enable-java-home --with-jvm-root-dir=/usr/lib/jvm/java-1.5.0-gcj-4.9-i386 --with-jvm-jar-dir=/usr/lib/jvm-exports/java-1.5.0-gcj-4.9-i386 --with-arch-directory=i386 --with-ecj-jar=/usr/share/java/eclipse-ecj.jar --enable-objc-gc --enable-targets=all --enable-multiarch --disable-werror --with-arch-32=i686 --with-multilib-list=m32,m64,mx32 --enable-multilib --with-tune=generic --enable-checking=release --build=i686-linux-gnu --host=i686-linux-gnu --target=i686-linux-gnu
Thread model: posix
gcc version 4.9.1 (Ubuntu 4.9.1-16ubuntu6) 
configure:3077: $? = 0
configure:3079: gcc -V </dev/null >&5
gcc: error: unrecognized command line option '-V'
gcc: fatal error: no input files
compilation terminated.
configure:3082: $? = 4
configure:3085: checking whether we are using the GNU C compiler
configure:3132: result: yes
configure:3138: checking whether gcc accepts -g
configure:3180: result: yes
configure:3197: checking for gcc option to accept ANSI C
configure:3285: result: none needed
configure:3303: gcc -c -g -O2  conftest.c >&5
conftest.c:2:3: error: unknown type name 'choke'
   choke me
   ^
conftest.c:2:3: error: expected '=', ',', ';', 'asm' or '__attribute__' at end of input
configure:3306: $? = 1
configure: failed program was:
| #ifndef __cplusplus
|   choke me
| #endif
configure:3417: checking dependency style of gcc
configure:3479: result: gcc3
configure:3487: checking for gcc option to accept ANSI C
configure:3551: gcc  -c -g -O2  conftest.c >&5
configure:3554: $? = 0
configure:3557: test -s conftest.o
configure:3560: $? = 0
configure:3575: result: none needed
configure:3591: checking how to run the C preprocessor
configure:3627: gcc -E  conftest.c
configure:3633: $? = 0
configure:3665: gcc -E  conftest.c
configure:3666:28: fatal error: ac_nonexistent.h: No such file or directory
   (eval $ac_cpp conftest.$ac_ext) 2>conftest.er1
                            ^
compilation terminated.
configure:3671: $? = 1
configure: failed program was:
| #line 3656 "configure"
| /* confdefs.h.  */
| 
| #define PACKAGE_NAME ""
| #define PACKAGE_TARNAME ""
| #define PACKAGE_VERSION ""
| #define PACKAGE_STRING ""
| #define PACKAGE_BUGREPORT ""
| #define PACKAGE "SeeDNA"
| #define VERSION "1.0"
| /* end confdefs.h.  */
| #include <ac_nonexistent.h>
configure:3709: result: gcc -E
configure:3734: gcc -E  conftest.c
configure:3740: $? = 0
configure:3772: gcc -E  conftest.c
configure:3773:28: fatal error: ac_nonexistent.h: No such file or directory
   (eval $ac_cpp conftest.$ac_ext) 2>conftest.er1
                            ^
compilation terminated.
configure:3778: $? = 1
configure: failed program was:
| #line 3763 "configure"
| /* confdefs.h.  */
| 
| #define PACKAGE_NAME ""
| #define PACKAGE_TARNAME ""
| #define PACKAGE_VERSION ""
| #define PACKAGE_STRING ""
| #define PACKAGE_BUGREPORT ""
| #define PACKAGE "SeeDNA"
| #define VERSION "1.0"
| /* end confdefs.h.  */
| #include <ac_nonexistent.h>
configure:3821: checking for egrep
configure:3831: result: grep -E
configure:3836: checking for ANSI C header files
configure:3862: gcc -c -g -O2  conftest.c >&5
configure:3865: $? = 0
configure:3868: test -s conftest.o
configure:3871: $? = 0
configure:3963: gcc -o conftest -g -O2   conftest.c  >&5
configure: In function 'main':
configure:3958:7: warning: incompatible implicit declaration of built-in function 'exit'
       exit(2);
       ^
configure:3966: $? = 0
configure:3968: ./conftest
configure:3971: $? = 0
configure:3986: result: yes
configure:4004: checking for pkg-config
configure:4022: found /usr/bin/pkg-config
configure:4035: result: /usr/bin/pkg-config
configure:4052: checking for libgnomeui-2.0
configure:4056: result: yes
configure:4060: checking PACKAGE_CFLAGS
configure:4063: result: -D_REENTRANT -DORBIT2=1 -pthread -I/usr/include/libgnomeui-2.0 -I/usr/include/gnome-keyring-1 -I/usr/include/libbonoboui-2.0 -I/usr/include/libxml2 -I/usr/include/libgnome-2.0 -I/usr/include/libbonobo-2.0 -I/usr/include/bonobo-activation-2.0 -I/usr/include/orbit-2.0 -I/usr/include/libgnomecanvas-2.0 -I/usr/include/gail-1.0 -I/usr/include/libart-2.0 -I/usr/include/gtk-2.0 -I/usr/lib/i386-linux-gnu/gtk-2.0/include -I/usr/include/gio-unix-2.0/ -I/usr/include/cairo -I/usr/include/pango-1.0 -I/usr/include/atk-1.0 -I/usr/include/cairo -I/usr/include/pixman-1 -I/usr/include/libpng12 -I/usr/include/pango-1.0 -I/usr/include/harfbuzz -I/usr/include/pango-1.0 -I/usr/include/freetype2 -I/usr/include/gdk-pixbuf-2.0 -I/usr/include/libpng12 -I/usr/include/gnome-vfs-2.0 -I/usr/lib/i386-linux-gnu/gnome-vfs-2.0/include -I/usr/include/gconf/2 -I/usr/include/dbus-1.0 -I/usr/lib/i386-linux-gnu/dbus-1.0/include -I/usr/include/glib-2.0 -I/usr/lib/i386-linux-gnu/glib-2.0/include 
configure:4066: checking PACKAGE_LIBS
configure:4069: result: -lgnomeui-2 -lSM -lICE -lbonoboui-2 -lgnome-2 -lpopt -lbonobo-2 -lbonobo-activation -lORBit-2 -lgnomecanvas-2 -lart_lgpl_2 -lgtk-x11-2.0 -lgdk-x11-2.0 -lpangocairo-1.0 -latk-1.0 -lcairo -lgio-2.0 -lpangoft2-1.0 -lpango-1.0 -lfontconfig -lfreetype -lgdk_pixbuf-2.0 -lgnomevfs-2 -lgconf-2 -lgthread-2.0 -pthread -lgmodule-2.0 -pthread -lgobject-2.0 -lglib-2.0 
configure:4121: checking for sys/types.h
configure:4138: gcc -c -g -O2  conftest.c >&5
configure:4141: $? = 0
configure:4144: test -s conftest.o
configure:4147: $? = 0
configure:4158: result: yes
configure:4121: checking for sys/stat.h
configure:4138: gcc -c -g -O2  conftest.c >&5
configure:4141: $? = 0
configure:4144: test -s conftest.o
configure:4147: $? = 0
configure:4158: result: yes
configure:4121: checking for stdlib.h
configure:4138: gcc -c -g -O2  conftest.c >&5
configure:4141: $? = 0
configure:4144: test -s conftest.o
configure:4147: $? = 0
configure:4158: result: yes
configure:4121: checking for string.h
configure:4138: gcc -c -g -O2  conftest.c >&5
configure:4141: $? = 0
configure:4144: test -s conftest.o
configure:4147: $? = 0
configure:4158: result: yes
configure:4121: checking for memory.h
configure:4138: gcc -c -g -O2  conftest.c >&5
configure:4141: $? = 0
configure:4144: test -s conftest.o
configure:4147: $? = 0
configure:4158: result: yes
configure:4121: checking for strings.h
configure:4138: gcc -c -g -O2  conftest.c >&5
configure:4141: $? = 0
configure:4144: test -s conftest.o
configure:4147: $? = 0
configure:4158: result: yes
configure:4121: checking for inttypes.h
configure:4138: gcc -c -g -O2  conftest.c >&5
configure:4141: $? = 0
configure:4144: test -s conftest.o
configure:4147: $? = 0
configure:4158: result: yes
configure:4121: checking for stdint.h
configure:4138: gcc -c -g -O2  conftest.c >&5
configure:4141: $? = 0
configure:4144: test -s conftest.o
configure:4147: $? = 0
configure:4158: result: yes
configure:4121: checking for unistd.h
configure:4138: gcc -c -g -O2  conftest.c >&5
configure:4141: $? = 0
configure:4144: test -s conftest.o
configure:4147: $? = 0
configure:4158: result: yes
configure:4185: checking locale.h usability
configure:4198: gcc -c -g -O2  conftest.c >&5
configure:4201: $? = 0
configure:4204: test -s conftest.o
configure:4207: $? = 0
configure:4217: result: yes
configure:4221: checking locale.h presence
configure:4232: gcc -E  conftest.c
configure:4238: $? = 0
configure:4257: result: yes
configure:4293: checking for locale.h
configure:4300: result: yes
configure:4314: checking for LC_MESSAGES
configure:4336: gcc -o conftest -g -O2   conftest.c  >&5
configure:4339: $? = 0
configure:4342: test -s conftest
configure:4345: $? = 0
configure:4356: result: yes
configure:4385: checking libintl.h usability
configure:4398: gcc -c -g -O2  conftest.c >&5
configure:4401: $? = 0
configure:4404: test -s conftest.o
configure:4407: $? = 0
configure:4417: result: yes
configure:4421: checking libintl.h presence
configure:4432: gcc -E  conftest.c
configure:4438: $? = 0
configure:4457: result: yes
configure:4493: checking for libintl.h
configure:4500: result: yes
configure:4511: checking for dgettext in libc
configure:4535: gcc -o conftest -g -O2   conftest.c  >&5
configure:4538: $? = 0
configure:4541: test -s conftest
configure:4544: $? = 0
configure:4556: result: yes
configure:4564: checking for bind_textdomain_codeset
configure:4614: gcc -o conftest -g -O2   conftest.c  >&5
configure:4617: $? = 0
configure:4620: test -s conftest
configure:4623: $? = 0
configure:4634: result: yes
configure:4958: checking for msgfmt
configure:4985: result: /usr/bin/msgfmt
configure:4996: checking for dcgettext
configure:5046: gcc -o conftest -g -O2   conftest.c  >&5
configure:5042:6: warning: conflicting types for built-in function 'dcgettext'
   return 0;
      ^
configure:5049: $? = 0
configure:5052: test -s conftest
configure:5055: $? = 0
configure:5066: result: yes
configure:5078: checking for gmsgfmt
configure:5109: result: /usr/bin/msgfmt
configure:5118: checking for xgettext
configure:5145: result: /usr/bin/xgettext
configure:5170: gcc -o conftest -g -O2   conftest.c  >&5
configure:5173: $? = 0
configure:5176: test -s conftest
configure:5179: $? = 0
configure:5398: creating ./config.status

## ---------------------- ##
## Running config.status. ##
## ---------------------- ##

This file was extended by config.status, which was
generated by GNU Autoconf 2.57.  Invocation command line was

  CONFIG_FILES    = 
  CONFIG_HEADERS  = 
  CONFIG_LINKS    = 
  CONFIG_COMMANDS = 
  $ ./config.status 

on glp-ThinkPad-T510

config.status:674: creating Makefile
config.status:674: creating src/Makefile
config.status:674: creating po/Makefile.in
config.status:778: creating config.h
config.status:1003: executing depfiles commands
config.status:1003: executing default-1 commands

## ---------------- ##
## Cache variables. ##
## ---------------- ##

ac_cv_c_compiler_gnu=yes
ac_cv_env_CC_set=
ac_cv_env_CC_value=
ac_cv_env_CFLAGS_set=
ac_cv_env_CFLAGS_value=
ac_cv_env_CPPFLAGS_set=
ac_cv_env_CPPFLAGS_value=
ac_cv_env_CPP_set=
ac_cv_env_CPP_value=
ac_cv_env_LDFLAGS_set=
ac_cv_env_LDFLAGS_value=
ac_cv_env_build_alias_set=
ac_cv_env_build_alias_value=
ac_cv_env_host_alias_set=
ac_cv_env_host_alias_value=
ac_cv_env_target_alias_set=
ac_cv_env_target_alias_value=
ac_cv_exeext=
ac_cv_func_bind_textdomain_codeset=yes
ac_cv_func_dcgettext=yes
ac_cv_header_inttypes_h=yes
ac_cv_header_libintl_h=yes
ac_cv_header_locale_h=yes
ac_cv_header_memory_h=yes
ac_cv_header_stdc=yes
ac_cv_header_stdint_h=yes
ac_cv_header_stdlib_h=yes
ac_cv_header_string_h=yes
ac_cv_header_strings_h=yes
ac_cv_header_sys_stat_h=yes
ac_cv_header_sys_types_h=yes
ac_cv_header_unistd_h=yes
ac_cv_lib_cposix_strerror=no
ac_cv_objext=o
ac_cv_path_GMSGFMT=/usr/bin/msgfmt
ac_cv_path_MSGFMT=/usr/bin/msgfmt
ac_cv_path_PKG_CONFIG=/usr/bin/pkg-config
ac_cv_path_XGETTEXT=/usr/bin/xgettext
ac_cv_path_install='/usr/bin/install -c'
ac_cv_prog_AWK=mawk
ac_cv_prog_CPP='gcc -E'
ac_cv_prog_ac_ct_CC=gcc
ac_cv_prog_cc_g=yes
ac_cv_prog_cc_stdc=
ac_cv_prog_egrep='grep -E'
ac_cv_prog_make_make_set=yes
am_cv_CC_dependencies_compiler_type=gcc3
am_cv_prog_cc_stdc=
am_cv_val_LC_MESSAGES=yes
gt_cv_func_dgettext_libc=yes
gt_cv_func_dgettext_libintl=no
gt_cv_have_gettext=yes

## ----------------- ##
## Output variables. ##
## ----------------- ##

ACLOCAL='${SHELL} /home/glp/SeeDNA-1.0/missing --run aclocal-1.6'
AMDEPBACKSLASH='\'
AMDEP_FALSE='#'
AMDEP_TRUE=''
AMTAR='${SHELL} /home/glp/SeeDNA-1.0/missing --run tar'
AUTOCONF='${SHELL} /home/glp/SeeDNA-1.0/missing --run autoconf'
AUTOHEADER='${SHELL} /home/glp/SeeDNA-1.0/missing --run autoheader'
AUTOMAKE='${SHELL} /home/glp/SeeDNA-1.0/missing --run automake-1.6'
AWK='mawk'
CATALOGS=''
CATOBJEXT='.gmo'
CC='gcc'
CCDEPMODE='depmode=gcc3'
CFLAGS='-g -O2'
CPP='gcc -E'
CPPFLAGS=''
DATADIRNAME='share'
DEFS='-DHAVE_CONFIG_H'
DEPDIR='.deps'
ECHO_C=''
ECHO_N='-n'
ECHO_T=''
EGREP='grep -E'
EXEEXT=''
GETTEXT_PACKAGE='SeeDNA'
GMOFILES=''
GMSGFMT='/usr/bin/msgfmt'
INSTALL_DATA='${INSTALL} -m 644'
INSTALL_PROGRAM='${INSTALL}'
INSTALL_SCRIPT='${INSTALL}'
INSTALL_STRIP_PROGRAM='${SHELL} $(install_sh) -c -s'
INSTOBJEXT='.mo'
INTLLIBS=''
LDFLAGS=''
LIBOBJS=''
LIBS=''
LTLIBOBJS=''
MAINT='#'
MAINTAINER_MODE_FALSE=''
MAINTAINER_MODE_TRUE='#'
MAKEINFO='${SHELL} /home/glp/SeeDNA-1.0/missing --run makeinfo'
MKINSTALLDIRS='./mkinstalldirs'
MSGFMT='/usr/bin/msgfmt'
OBJEXT='o'
PACKAGE='SeeDNA'
PACKAGE_BUGREPORT=''
PACKAGE_CFLAGS='-D_REENTRANT -DORBIT2=1 -pthread -I/usr/include/libgnomeui-2.0 -I/usr/include/gnome-keyring-1 -I/usr/include/libbonoboui-2.0 -I/usr/include/libxml2 -I/usr/include/libgnome-2.0 -I/usr/include/libbonobo-2.0 -I/usr/include/bonobo-activation-2.0 -I/usr/include/orbit-2.0 -I/usr/include/libgnomecanvas-2.0 -I/usr/include/gail-1.0 -I/usr/include/libart-2.0 -I/usr/include/gtk-2.0 -I/usr/lib/i386-linux-gnu/gtk-2.0/include -I/usr/include/gio-unix-2.0/ -I/usr/include/cairo -I/usr/include/pango-1.0 -I/usr/include/atk-1.0 -I/usr/include/cairo -I/usr/include/pixman-1 -I/usr/include/libpng12 -I/usr/include/pango-1.0 -I/usr/include/harfbuzz -I/usr/include/pango-1.0 -I/usr/include/freetype2 -I/usr/include/gdk-pixbuf-2.0 -I/usr/include/libpng12 -I/usr/include/gnome-vfs-2.0 -I/usr/lib/i386-linux-gnu/gnome-vfs-2.0/include -I/usr/include/gconf/2 -I/usr/include/dbus-1.0 -I/usr/lib/i386-linux-gnu/dbus-1.0/include -I/usr/include/glib-2.0 -I/usr/lib/i386-linux-gnu/glib-2.0/include '
PACKAGE_LIBS='-lgnomeui-2 -lSM -lICE -lbonoboui-2 -lgnome-2 -lpopt -lbonobo-2 -lbonobo-activation -lORBit-2 -lgnomecanvas-2 -lart_lgpl_2 -lgtk-x11-2.0 -lgdk-x11-2.0 -lpangocairo-1.0 -latk-1.0 -lcairo -lgio-2.0 -lpangoft2-1.0 -lpango-1.0 -lfontconfig -lfreetype -lgdk_pixbuf-2.0 -lgnomevfs-2 -lgconf-2 -lgthread-2.0 -pthread -lgmodule-2.0 -pthread -lgobject-2.0 -lglib-2.0 '
PACKAGE_NAME=''
PACKAGE_STRING=''
PACKAGE_TARNAME=''
PACKAGE_VERSION=''
PATH_SEPARATOR=':'
PKG_CONFIG='/usr/bin/pkg-config'
POFILES=''
POSUB='po'
PO_IN_DATADIR_FALSE=''
PO_IN_DATADIR_TRUE=''
SET_MAKE=''
SHELL='/bin/bash'
STRIP=''
USE_NLS='yes'
VERSION='1.0'
XGETTEXT='/usr/bin/xgettext'
ac_ct_CC='gcc'
ac_ct_STRIP=''
am__include='include'
am__quote=''
bindir='${exec_prefix}/bin'
build_alias=''
datadir='${prefix}/share'
exec_prefix='${prefix}'
host_alias=''
includedir='${prefix}/include'
infodir='${prefix}/info'
install_sh='/home/glp/SeeDNA-1.0/install-sh'
libdir='${exec_prefix}/lib'
libexecdir='${exec_prefix}/libexec'
localstatedir='${prefix}/var'
mandir='${prefix}/man'
oldincludedir='/usr/include'
prefix='/usr/local'
program_transform_name='s,x,x,'
sbindir='${exec_prefix}/sbin'
sharedstatedir='${prefix}/com'
sysconfdir='${prefix}/etc'
target_alias=''

## ----------- ##
## confdefs.h. ##
## ----------- ##

#define ENABLE_NLS 1
#define GETTEXT_PACKAGE "SeeDNA"
#define HAVE_BIND_TEXTDOMAIN_CODESET 1
#define HAVE_DCGETTEXT 1
#define HAVE_GETTEXT 1
#define HAVE_INTTYPES_H 1
#define HAVE_LC_MESSAGES 1
#define HAVE_LOCALE_H 1
#define HAVE_MEMORY_H 1
#define HAVE_STDINT_H 1
#define HAVE_STDLIB_H 1
#define HAVE_STRINGS_H 1
#define HAVE_STRING_H 1
#define HAVE_SYS_STAT_H 1
#define HAVE_SYS_TYPES_H 1
#define HAVE_UNISTD_H 1
#define PACKAGE "SeeDNA"
#define PACKAGE_BUGREPORT ""
#define PACKAGE_NAME ""
#define PACKAGE_STRING ""
#define PACKAGE_TARNAME ""
#define PACKAGE_VERSION ""
#define STDC_HEADERS 1
#define VERSION "1.0"

configure: exit 0
